<?xml version="1.0" encoding="UTF-8"?>
<testsuite name="FizzBuzz_processNum_Test" tests="5" skipped="0" failures="0" errors="0" timestamp="2017-07-13T08:04:28" hostname="Sams-Mac.local" time="0.94">
  <properties/>
  <testcase name="processNum_ShouldCallSetResponseWith0" classname="FizzBuzz_processNum_Test" time="0.937"/>
  <testcase name="processNum_ShouldCallSetResponseWithBuzz" classname="FizzBuzz_processNum_Test" time="0.001"/>
  <testcase name="processNum_ShouldCallSetResponseWithFizz" classname="FizzBuzz_processNum_Test" time="0.0"/>
  <testcase name="processNum_ShouldCallSetResponseWithNumber" classname="FizzBuzz_processNum_Test" time="0.001"/>
  <testcase name="processNum_ShouldCallSetResponseWithFizzAndBuzz" classname="FizzBuzz_processNum_Test" time="0.0"/>
  <system-out><![CDATA[]]></system-out>
  <system-err><![CDATA[]]></system-err>
</testsuite>
