<?xml version="1.0" encoding="UTF-8"?>
<testsuite name="Program_main_Test" tests="1" skipped="0" failures="0" errors="0" timestamp="2017-07-13T08:04:29" hostname="Sams-Mac.local" time="0.578">
  <properties/>
  <testcase name="main_ShouldCallPrintln101Times" classname="Program_main_Test" time="0.578"/>
  <system-out><![CDATA[]]></system-out>
  <system-err><![CDATA[]]></system-err>
</testsuite>
